[0.212s] Invoking command in '/home/adam/Desktop/sdp-team-12/build/basic_mobile_robot': CMAKE_PREFIX_PATH=${CMAKE_PREFIX_PATH}:/home/adam/Desktop/sdp-team-12/install/py_serial:/home/adam/Desktop/sdp-team-12/install/py_img_stream:/home/adam/Desktop/sdp-team-12/install/navigator:/opt/ros/humble /usr/bin/cmake --build /home/adam/Desktop/sdp-team-12/build/basic_mobile_robot -- -j8 -l8
[0.688s] [ 33%] [32mBuilding CXX object CMakeFiles/lidar_odometry_node.dir/src/lidar_odometry_node.cpp.o[0m
[4.733s] [01m[K/home/adam/Desktop/sdp-team-12/basic_mobile_robot/src/lidar_odometry_node.cpp:[m[K In member function â€˜[01m[Kvoid LidarOdometryNode::scan_callback(sensor_msgs::msg::LaserScan_<std::allocator<void> >::SharedPtr)[m[Kâ€™:
[4.733s] [01m[K/home/adam/Desktop/sdp-team-12/basic_mobile_robot/src/lidar_odometry_node.cpp:65:35:[m[K [01;31m[Kerror: [m[Kcannot convert â€˜[01m[Krclcpp::Time[m[Kâ€™ to â€˜[01m[Kdouble[m[Kâ€™ in assignment
[4.733s]    65 |         scan_data->timestamp = [01;31m[Know()[m[K;
[4.733s]       |                                [01;31m[K~~~^~[m[K
[4.733s]       |                                   [01;31m[K|[m[K
[4.734s]       |                                   [01;31m[Krclcpp::Time[m[K
[8.107s] gmake[2]: *** [CMakeFiles/lidar_odometry_node.dir/build.make:76: CMakeFiles/lidar_odometry_node.dir/src/lidar_odometry_node.cpp.o] Error 1
[8.107s] gmake[1]: *** [CMakeFiles/Makefile2:137: CMakeFiles/lidar_odometry_node.dir/all] Error 2
[8.107s] gmake: *** [Makefile:146: all] Error 2
[8.110s] Invoked command in '/home/adam/Desktop/sdp-team-12/build/basic_mobile_robot' returned '2': CMAKE_PREFIX_PATH=${CMAKE_PREFIX_PATH}:/home/adam/Desktop/sdp-team-12/install/py_serial:/home/adam/Desktop/sdp-team-12/install/py_img_stream:/home/adam/Desktop/sdp-team-12/install/navigator:/opt/ros/humble /usr/bin/cmake --build /home/adam/Desktop/sdp-team-12/build/basic_mobile_robot -- -j8 -l8
