<?xml version="1.0" encoding="UTF-8"?>
<Site BuildName="(empty)"
	BuildStamp="20240215-1502-Experimental"
	Name="adam-Latitude-5520"
	Generator="ctest-3.22.1"
	CompilerName="/usr/bin/g++"
	CompilerVersion="11.4.0"
	OSName="Linux"
	Hostname="adam-Latitude-5520"
	OSRelease="6.5.0-17-generic"
	OSVersion="#17~22.04.1-Ubuntu SMP PREEMPT_DYNAMIC Tue Jan 16 14:32:32 UTC 2"
	OSPlatform="x86_64"
	Is64Bits="1"
	VendorString="GenuineIntel"
	VendorID="Intel Corporation"
	FamilyID="6"
	ModelID="140"
	ProcessorCacheSize="8192"
	NumberOfLogicalCPU="8"
	NumberOfPhysicalCPU="4"
	TotalVirtualMemory="2047"
	TotalPhysicalMemory="15728"
	LogicalProcessorsPerPhysical="2"
	ProcessorClockFrequency="3403.71"
	>
	<Testing>
		<StartDateTime>Feb 15 10:02 EST</StartDateTime>
		<StartTestTime>1708009364</StartTestTime>
		<TestList/>
		<EndDateTime>Feb 15 10:02 EST</EndDateTime>
		<EndTestTime>1708009364</EndTestTime>
		<ElapsedMinutes>0</ElapsedMinutes>
	</Testing>
</Site>
